<?xml version="1.0" encoding="UTF-8"?>
<testng-results skipped="0" failed="2" total="4" passed="2">
  <reporter-output>
  </reporter-output>
  <suite name="Default suite" duration-ms="14852" started-at="2021-12-31T05:22:21Z" finished-at="2021-12-31T05:22:36Z">
    <groups>
      <group name="smoke">
        <method signature="FacebookTest.test5()[pri:0, instance:com.mycompanyTest.TestProject.FacebookTest@589838eb]" name="test5" class="com.mycompanyTest.TestProject.FacebookTest"/>
      </group> <!-- smoke -->
      <group name="sanity">
        <method signature="FacebookTest.test_login(java.lang.String, java.lang.String)[pri:0, instance:com.mycompanyTest.TestProject.FacebookTest@589838eb]" name="test_login" class="com.mycompanyTest.TestProject.FacebookTest"/>
      </group> <!-- sanity -->
    </groups>
    <test name="Default test" duration-ms="14852" started-at="2021-12-31T05:22:21Z" finished-at="2021-12-31T05:22:36Z">
      <class name="com.mycompanyTest.TestProject.FacebookTest">
        <test-method status="PASS" signature="setUp()[pri:0, instance:com.mycompanyTest.TestProject.FacebookTest@589838eb]" name="setUp" is-config="true" duration-ms="1881" started-at="2021-12-31T10:52:20Z" finished-at="2021-12-31T10:52:21Z">
          <reporter-output>
          </reporter-output>
        </test-method> <!-- setUp -->
        <test-method status="PASS" signature="test5()[pri:0, instance:com.mycompanyTest.TestProject.FacebookTest@589838eb]" name="test5" duration-ms="13" started-at="2021-12-31T10:52:21Z" finished-at="2021-12-31T10:52:21Z">
          <reporter-output>
          </reporter-output>
        </test-method> <!-- test5 -->
        <test-method status="PASS" signature="test_login(java.lang.String, java.lang.String)[pri:0, instance:com.mycompanyTest.TestProject.FacebookTest@589838eb]" name="test_login" duration-ms="9536" started-at="2021-12-31T10:52:21Z" data-provider="LoginData" finished-at="2021-12-31T10:52:31Z">
          <params>
            <param index="0">
              <value>
                <![CDATA[asd@gmail.com]]>
              </value>
            </param>
            <param index="1">
              <value>
                <![CDATA[pass1@123]]>
              </value>
            </param>
          </params>
          <reporter-output>
          </reporter-output>
        </test-method> <!-- test_login -->
        <test-method status="FAIL" signature="test_login(java.lang.String, java.lang.String)[pri:0, instance:com.mycompanyTest.TestProject.FacebookTest@589838eb]" name="test_login" duration-ms="2349" started-at="2021-12-31T10:52:31Z" data-provider="LoginData" finished-at="2021-12-31T10:52:33Z">
          <params>
            <param index="0">
              <value>
                <![CDATA[sdf@gmail.com]]>
              </value>
            </param>
            <param index="1">
              <value>
                <![CDATA[pass2@123]]>
              </value>
            </param>
          </params>
          <exception class="org.apache.poi.EmptyFileException">
            <message>
              <![CDATA[The supplied file was empty (zero bytes long)]]>
            </message>
            <full-stacktrace>
              <![CDATA[org.apache.poi.EmptyFileException: The supplied file was empty (zero bytes long)
	at org.apache.poi.ss.usermodel.WorkbookFactory.create(WorkbookFactory.java:202)
	at org.apache.poi.ss.usermodel.WorkbookFactory.create(WorkbookFactory.java:172)
	at com.mycompanyTest.TestProject.FacebookTest.test_login(FacebookTest.java:65)
	at sun.reflect.NativeMethodAccessorImpl.invoke0(Native Method)
	at sun.reflect.NativeMethodAccessorImpl.invoke(Unknown Source)
	at sun.reflect.DelegatingMethodAccessorImpl.invoke(Unknown Source)
	at java.lang.reflect.Method.invoke(Unknown Source)
	at org.testng.internal.MethodInvocationHelper.invokeMethod(MethodInvocationHelper.java:100)
	at org.testng.internal.Invoker.invokeMethod(Invoker.java:646)
	at org.testng.internal.Invoker.invokeTestMethod(Invoker.java:811)
	at org.testng.internal.Invoker.invokeTestMethods(Invoker.java:1129)
	at org.testng.internal.TestMethodWorker.invokeTestMethods(TestMethodWorker.java:129)
	at org.testng.internal.TestMethodWorker.run(TestMethodWorker.java:112)
	at org.testng.TestRunner.privateRun(TestRunner.java:746)
	at org.testng.TestRunner.run(TestRunner.java:600)
	at org.testng.SuiteRunner.runTest(SuiteRunner.java:366)
	at org.testng.SuiteRunner.runSequentially(SuiteRunner.java:361)
	at org.testng.SuiteRunner.privateRun(SuiteRunner.java:319)
	at org.testng.SuiteRunner.run(SuiteRunner.java:268)
	at org.testng.SuiteRunnerWorker.runSuite(SuiteRunnerWorker.java:52)
	at org.testng.SuiteRunnerWorker.run(SuiteRunnerWorker.java:86)
	at org.testng.TestNG.runSuitesSequentially(TestNG.java:1264)
	at org.testng.TestNG.runSuitesLocally(TestNG.java:1189)
	at org.testng.TestNG.runSuites(TestNG.java:1104)
	at org.testng.TestNG.run(TestNG.java:1076)
	at org.testng.remote.AbstractRemoteTestNG.run(AbstractRemoteTestNG.java:126)
	at org.testng.remote.RemoteTestNG.initAndRun(RemoteTestNG.java:152)
	at org.testng.remote.RemoteTestNG.main(RemoteTestNG.java:57)
]]>
            </full-stacktrace>
          </exception> <!-- org.apache.poi.EmptyFileException -->
          <reporter-output>
          </reporter-output>
        </test-method> <!-- test_login -->
        <test-method status="FAIL" signature="test_login(java.lang.String, java.lang.String)[pri:0, instance:com.mycompanyTest.TestProject.FacebookTest@589838eb]" name="test_login" duration-ms="2091" started-at="2021-12-31T10:52:34Z" data-provider="LoginData" finished-at="2021-12-31T10:52:36Z">
          <params>
            <param index="0">
              <value>
                <![CDATA[ret@gmail.com]]>
              </value>
            </param>
            <param index="1">
              <value>
                <![CDATA[pass3@123]]>
              </value>
            </param>
          </params>
          <exception class="org.apache.poi.EmptyFileException">
            <message>
              <![CDATA[The supplied file was empty (zero bytes long)]]>
            </message>
            <full-stacktrace>
              <![CDATA[org.apache.poi.EmptyFileException: The supplied file was empty (zero bytes long)
	at org.apache.poi.ss.usermodel.WorkbookFactory.create(WorkbookFactory.java:202)
	at org.apache.poi.ss.usermodel.WorkbookFactory.create(WorkbookFactory.java:172)
	at com.mycompanyTest.TestProject.FacebookTest.test_login(FacebookTest.java:65)
	at sun.reflect.NativeMethodAccessorImpl.invoke0(Native Method)
	at sun.reflect.NativeMethodAccessorImpl.invoke(Unknown Source)
	at sun.reflect.DelegatingMethodAccessorImpl.invoke(Unknown Source)
	at java.lang.reflect.Method.invoke(Unknown Source)
	at org.testng.internal.MethodInvocationHelper.invokeMethod(MethodInvocationHelper.java:100)
	at org.testng.internal.Invoker.invokeMethod(Invoker.java:646)
	at org.testng.internal.Invoker.invokeTestMethod(Invoker.java:811)
	at org.testng.internal.Invoker.invokeTestMethods(Invoker.java:1129)
	at org.testng.internal.TestMethodWorker.invokeTestMethods(TestMethodWorker.java:129)
	at org.testng.internal.TestMethodWorker.run(TestMethodWorker.java:112)
	at org.testng.TestRunner.privateRun(TestRunner.java:746)
	at org.testng.TestRunner.run(TestRunner.java:600)
	at org.testng.SuiteRunner.runTest(SuiteRunner.java:366)
	at org.testng.SuiteRunner.runSequentially(SuiteRunner.java:361)
	at org.testng.SuiteRunner.privateRun(SuiteRunner.java:319)
	at org.testng.SuiteRunner.run(SuiteRunner.java:268)
	at org.testng.SuiteRunnerWorker.runSuite(SuiteRunnerWorker.java:52)
	at org.testng.SuiteRunnerWorker.run(SuiteRunnerWorker.java:86)
	at org.testng.TestNG.runSuitesSequentially(TestNG.java:1264)
	at org.testng.TestNG.runSuitesLocally(TestNG.java:1189)
	at org.testng.TestNG.runSuites(TestNG.java:1104)
	at org.testng.TestNG.run(TestNG.java:1076)
	at org.testng.remote.AbstractRemoteTestNG.run(AbstractRemoteTestNG.java:126)
	at org.testng.remote.RemoteTestNG.initAndRun(RemoteTestNG.java:152)
	at org.testng.remote.RemoteTestNG.main(RemoteTestNG.java:57)
]]>
            </full-stacktrace>
          </exception> <!-- org.apache.poi.EmptyFileException -->
          <reporter-output>
          </reporter-output>
        </test-method> <!-- test_login -->
        <test-method status="PASS" signature="tearDown()[pri:0, instance:com.mycompanyTest.TestProject.FacebookTest@589838eb]" name="tearDown" is-config="true" duration-ms="1983" started-at="2021-12-31T10:52:36Z" finished-at="2021-12-31T10:52:38Z">
          <reporter-output>
          </reporter-output>
        </test-method> <!-- tearDown -->
      </class> <!-- com.mycompanyTest.TestProject.FacebookTest -->
    </test> <!-- Default test -->
  </suite> <!-- Default suite -->
</testng-results>
